<?xml version="1.0" encoding="UTF-8"?>
<testsuite xmlns:xsi="http://www.w3.org/2001/XMLSchema-instance" xsi:noNamespaceSchemaLocation="https://maven.apache.org/surefire/maven-surefire-plugin/xsd/surefire-test-report-3.0.xsd" version="3.0" name="TestSuite" time="0.554" tests="2" errors="0" skipped="0" failures="0">
  <properties>
    <property name="sun.desktop" value="windows"/>
    <property name="awt.toolkit" value="sun.awt.windows.WToolkit"/>
    <property name="file.encoding.pkg" value="sun.io"/>
    <property name="java.specification.version" value="1.8"/>
    <property name="sun.cpu.isalist" value="amd64"/>
    <property name="sun.jnu.encoding" value="Cp1252"/>
    <property name="java.class.path" value="C:\Users\Rangesh\eclipse-workspace\MavenJava\target\test-classes;C:\Users\Rangesh\eclipse-workspace\MavenJava\target\classes;C:\Users\Rangesh\.m2\repository\org\testng\testng\7.4.0\testng-7.4.0.jar;C:\Users\Rangesh\.m2\repository\com\beust\jcommander\1.78\jcommander-1.78.jar;C:\Users\Rangesh\.m2\repository\org\webjars\jquery\3.5.1\jquery-3.5.1.jar;C:\Users\Rangesh\.m2\repository\junit\junit\3.8.1\junit-3.8.1.jar;"/>
    <property name="java.vm.vendor" value="Oracle Corporation"/>
    <property name="sun.arch.data.model" value="64"/>
    <property name="user.variant" value=""/>
    <property name="java.vendor.url" value="http://java.oracle.com/"/>
    <property name="user.timezone" value="Asia/Calcutta"/>
    <property name="java.vm.specification.version" value="1.8"/>
    <property name="os.name" value="Windows 10"/>
    <property name="user.country" value="IN"/>
    <property name="sun.java.launcher" value="SUN_STANDARD"/>
    <property name="sun.boot.library.path" value="C:\Program Files\Java\jre1.8.0_291\bin"/>
    <property name="sun.java.command" value="C:\Users\Rangesh\AppData\Local\Temp\surefire5346938443180344594\surefirebooter7413484799230596263.jar C:\Users\Rangesh\AppData\Local\Temp\surefire5346938443180344594 2021-09-26T15-26-37_176-jvmRun1 surefire10568482394475138tmp surefire_04241945054033883314tmp"/>
    <property name="surefire.test.class.path" value="C:\Users\Rangesh\eclipse-workspace\MavenJava\target\test-classes;C:\Users\Rangesh\eclipse-workspace\MavenJava\target\classes;C:\Users\Rangesh\.m2\repository\org\testng\testng\7.4.0\testng-7.4.0.jar;C:\Users\Rangesh\.m2\repository\com\beust\jcommander\1.78\jcommander-1.78.jar;C:\Users\Rangesh\.m2\repository\org\webjars\jquery\3.5.1\jquery-3.5.1.jar;C:\Users\Rangesh\.m2\repository\junit\junit\3.8.1\junit-3.8.1.jar;"/>
    <property name="sun.cpu.endian" value="little"/>
    <property name="user.home" value="C:\Users\Rangesh"/>
    <property name="user.language" value="en"/>
    <property name="java.specification.vendor" value="Oracle Corporation"/>
    <property name="java.home" value="C:\Program Files\Java\jre1.8.0_291"/>
    <property name="basedir" value="C:\Users\Rangesh\eclipse-workspace\MavenJava"/>
    <property name="file.separator" value="\"/>
    <property name="line.separator" value="&#10;"/>
    <property name="java.vm.specification.vendor" value="Oracle Corporation"/>
    <property name="java.specification.name" value="Java Platform API Specification"/>
    <property name="java.awt.graphicsenv" value="sun.awt.Win32GraphicsEnvironment"/>
    <property name="surefire.real.class.path" value="C:\Users\Rangesh\AppData\Local\Temp\surefire5346938443180344594\surefirebooter7413484799230596263.jar"/>
    <property name="sun.boot.class.path" value="C:\Program Files\Java\jre1.8.0_291\lib\resources.jar;C:\Program Files\Java\jre1.8.0_291\lib\rt.jar;C:\Program Files\Java\jre1.8.0_291\lib\sunrsasign.jar;C:\Program Files\Java\jre1.8.0_291\lib\jsse.jar;C:\Program Files\Java\jre1.8.0_291\lib\jce.jar;C:\Program Files\Java\jre1.8.0_291\lib\charsets.jar;C:\Program Files\Java\jre1.8.0_291\lib\jfr.jar;C:\Program Files\Java\jre1.8.0_291\classes"/>
    <property name="user.script" value=""/>
    <property name="sun.management.compiler" value="HotSpot 64-Bit Tiered Compilers"/>
    <property name="java.runtime.version" value="1.8.0_291-b10"/>
    <property name="user.name" value="Rangesh"/>
    <property name="path.separator" value=";"/>
    <property name="os.version" value="10.0"/>
    <property name="java.endorsed.dirs" value="C:\Program Files\Java\jre1.8.0_291\lib\endorsed"/>
    <property name="java.runtime.name" value="Java(TM) SE Runtime Environment"/>
    <property name="file.encoding" value="Cp1252"/>
    <property name="java.vm.name" value="Java HotSpot(TM) 64-Bit Server VM"/>
    <property name="localRepository" value="C:\Users\Rangesh\.m2\repository"/>
    <property name="java.vendor.url.bug" value="http://bugreport.sun.com/bugreport/"/>
    <property name="java.io.tmpdir" value="C:\Users\Rangesh\AppData\Local\Temp\"/>
    <property name="java.version" value="1.8.0_291"/>
    <property name="user.dir" value="C:\Users\Rangesh\eclipse-workspace\MavenJava"/>
    <property name="os.arch" value="amd64"/>
    <property name="java.vm.specification.name" value="Java Virtual Machine Specification"/>
    <property name="java.awt.printerjob" value="sun.awt.windows.WPrinterJob"/>
    <property name="sun.os.patch.level" value=""/>
    <property name="java.library.path" value="C:\Program Files\Java\jre1.8.0_291\bin;C:\windows\Sun\Java\bin;C:\windows\system32;C:\windows;E:/Automation Project/eclipse//plugins/org.eclipse.justj.openjdk.hotspot.jre.full.win32.x86_64_15.0.2.v20210201-0955/jre/bin/server;E:/Automation Project/eclipse//plugins/org.eclipse.justj.openjdk.hotspot.jre.full.win32.x86_64_15.0.2.v20210201-0955/jre/bin;C:\Program Files\Java\jdk-11.0.12\bin;C:\Program Files\Common Files\Oracle\Java\javapath;C:\Program Files (x86)\Common Files\Oracle\Java\javapath;C:\windows\system32;C:\windows;C:\windows\System32\Wbem;C:\windows\System32\WindowsPowerShell\v1.0\;C:\windows\System32\OpenSSH\;C:\Program Files (x86)\NVIDIA Corporation\PhysX\Common;C:\Program Files\NVIDIA Corporation\NVIDIA NvDLISR;C:\Program Files\Java\jre1.8.0_291\bin;C:\Maven\apache-maven-3.8.2-bin\apache-maven-3.8.2\bin;C:\Users\Rangesh\AppData\Local\Microsoft\WindowsApps;;E:\Automation Project\eclipse;;."/>
    <property name="java.vm.info" value="mixed mode"/>
    <property name="java.vendor" value="Oracle Corporation"/>
    <property name="java.vm.version" value="25.291-b10"/>
    <property name="java.ext.dirs" value="C:\Program Files\Java\jre1.8.0_291\lib\ext;C:\windows\Sun\Java\lib\ext"/>
    <property name="sun.io.unicode.encoding" value="UnicodeLittle"/>
    <property name="java.class.version" value="52.0"/>
  </properties>
  <testcase name="AIAutomation" classname="Maventest.MavenJava.SeleniumTest" time="0.005"/>
  <testcase name="BrowserAutomation" classname="Maventest.MavenJava.SeleniumTest" time="0.001">
    <system-out><![CDATA[Maven started
]]></system-out>
  </testcase>
</testsuite>