<?xml version="1.0" encoding="UTF-8"?>
<!-- Generated by org.testng.reporters.JUnitReportReporter -->
<testsuite skipped="0" hostname="LAPTOP-QFKHPFVN" name="Maventest.MavenJava.SeleniumTest" tests="1" failures="0" timestamp="2021-09-19T16:56:39 IST" time="0.006" errors="0">
  <testcase name="BrowserAutomation" time="0.006" classname="Maventest.MavenJava.SeleniumTest"/>
  <system-out/>
</testsuite> <!-- Maventest.MavenJava.SeleniumTest -->
