<?xml version="1.0" encoding="UTF-8"?>
<!-- Generated by org.testng.reporters.JUnitReportReporter -->
<testsuite skipped="0" hostname="LAPTOP-QFKHPFVN" name="Maventest.MavenJava.SeleniumTest" tests="2" failures="0" timestamp="2021-09-26T15:26:38 IST" time="0.004" errors="0">
  <testcase name="AIAutomation" time="0.004" classname="Maventest.MavenJava.SeleniumTest"/>
  <system-out/>
  <testcase name="BrowserAutomation" time="0.000" classname="Maventest.MavenJava.SeleniumTest"/>
  <system-out/>
</testsuite> <!-- Maventest.MavenJava.SeleniumTest -->
